<?xml version="1.0" encoding="UTF-8"?>
<!-- Generated by org.testng.reporters.JUnitXMLReporter -->
<testsuite ignored="0" hostname="PF1M4E6M" failures="0" tests="5" name="Test" time="12.062" errors="0" timestamp="2023-01-17T13:19:25 IST">
  <testcase classname="Pack1.Sample" name="test_delete" time="3.566"/>
  <testcase classname="Pack1.Sample" name="test_get" time="2.145"/>
  <testcase classname="Pack1.Sample" name="test_patch" time="2.109"/>
  <testcase classname="Pack1.Sample" name="test_post" time="2.104"/>
  <testcase classname="Pack1.Sample" name="test_put" time="2.082"/>
</testsuite> <!-- Test -->
