<?xml version="1.0" encoding="UTF-8"?>
<!-- Generated by org.testng.reporters.JUnitXMLReporter -->
<testsuite ignored="0" hostname="PF1M4E6M" failures="0" tests="5" name="Test" time="12.039" errors="0" timestamp="2023-01-18T13:41:14 IST">
  <testcase classname="Pack1.Sample" name="test_delete" time="3.563"/>
  <testcase classname="Pack1.Sample" name="test_get" time="2.131"/>
  <testcase classname="Pack1.Sample" name="test_patch" time="2.112"/>
  <testcase classname="Pack1.Sample" name="test_post" time="2.107"/>
  <testcase classname="Pack1.Sample" name="test_put" time="2.057"/>
</testsuite> <!-- Test -->
