<?xml version="1.0" encoding="UTF-8"?>
<testsuite xmlns:xsi="http://www.w3.org/2001/XMLSchema-instance" xsi:noNamespaceSchemaLocation="https://maven.apache.org/surefire/maven-surefire-plugin/xsd/surefire-test-report-3.0.xsd" version="3.0" name="TestSuite" time="12.812" tests="5" errors="0" skipped="0" failures="0">
  <properties>
[...]
</properties>
  <testcase name="test_delete" classname="Pack1.Sample" time="3.564">
    <system-err><![CDATA[SLF4J: Failed to load class "org.slf4j.impl.StaticLoggerBinder".
SLF4J: Defaulting to no-operation (NOP) logger implementation
SLF4J: See http://www.slf4j.org/codes.html#StaticLoggerBinder for further details.
]]></system-err>
  </testcase>
  <testcase name="test_get" classname="Pack1.Sample" time="2.129">
    <system-out><![CDATA[HTTP/1.1 200 OK
X-Powered-By: Express
Vary: Origin, Accept-Encoding
Access-Control-Allow-Credentials: true
Cache-Control: no-cache
Pragma: no-cache
Expires: -1
X-Content-Type-Options: nosniff
Content-Type: application/json; charset=utf-8
Content-Length: 312
ETag: W/"138-4nGfpvBUiP5YB9/VpRm/5xobRUw"
Date: Wed, 18 Jan 2023 08:11:07 GMT
Connection: keep-alive
Keep-Alive: timeout=5

[
    {
        "id": 1,
        "Name": "Automation"
    },
    {
        "id": 3,
        "Name": "Fullstack"
    },
    {
        "id": 4,
        "Name": "Manual"
    },
    {
        "id": 5,
        "Name": "Database"
    },
    {
        "id": 6,
        "Name": "Frontend"
    },
    {
        "id": 7,
        "Name": "Backend"
    },
    {
        "id": 8,
        "Name": "Api"
    }
]
]]></system-out>
  </testcase>
  <testcase name="test_patch" classname="Pack1.Sample" time="2.114">
    <system-out><![CDATA[HTTP/1.1 200 OK
X-Powered-By: Express
Vary: Origin, Accept-Encoding
Access-Control-Allow-Credentials: true
Cache-Control: no-cache
Pragma: no-cache
Expires: -1
X-Content-Type-Options: nosniff
Content-Type: application/json; charset=utf-8
Content-Length: 77
ETag: W/"4d-fqp652OpNcQnZ1VMO9fjKVQEUwg"
Date: Wed, 18 Jan 2023 08:11:10 GMT
Connection: keep-alive
Keep-Alive: timeout=5

{
    "FirstName": "Abrar",
    "LastName": "Khan",
    "SubjectId": 1,
    "id": 1
}
]]></system-out>
  </testcase>
  <testcase name="test_post" classname="Pack1.Sample" time="2.107">
    <system-out><![CDATA[HTTP/1.1 201 Created
X-Powered-By: Express
Vary: Origin, X-HTTP-Method-Override, Accept-Encoding
Access-Control-Allow-Credentials: true
Cache-Control: no-cache
Pragma: no-cache
Expires: -1
Access-Control-Expose-Headers: Location
Location: http://localhost:3000/users/9
X-Content-Type-Options: nosniff
Content-Type: application/json; charset=utf-8
Content-Length: 77
ETag: W/"4d-h4mPn+ditSYJhSQpu5oPUDpTOdo"
Date: Wed, 18 Jan 2023 08:11:12 GMT
Connection: keep-alive
Keep-Alive: timeout=5

{
    "FirstName": "Allu",
    "LastName": "Arjun",
    "SubjectId": 6,
    "id": 9
}
]]></system-out>
  </testcase>
  <testcase name="test_put" classname="Pack1.Sample" time="2.085">
    <system-out><![CDATA[HTTP/1.1 200 OK
X-Powered-By: Express
Vary: Origin, Accept-Encoding
Access-Control-Allow-Credentials: true
Cache-Control: no-cache
Pragma: no-cache
Expires: -1
X-Content-Type-Options: nosniff
Content-Type: application/json; charset=utf-8
Content-Length: 78
ETag: W/"4e-hFDIFCX54vQ7+ochpt2acSgBKIM"
Date: Wed, 18 Jan 2023 08:11:14 GMT
Connection: keep-alive
Keep-Alive: timeout=5

{
    "FirstName": "Pavan",
    "LastName": "kumar",
    "SubjectId": 1,
    "id": 2
}
]]></system-out>
  </testcase>
</testsuite>