<?xml version="1.0" encoding="UTF-8"?>
<testng-results ignored="0" total="5" passed="5" failed="0" skipped="0">
  <reporter-output>
  </reporter-output>
  <suite started-at="2023-01-18T13:41:02 IST" name="Suite" finished-at="2023-01-18T13:41:14 IST" duration-ms="12039">
    <groups>
    </groups>
    <test started-at="2023-01-18T13:41:02 IST" name="Test" finished-at="2023-01-18T13:41:14 IST" duration-ms="12039">
      <class name="Pack1.Sample">
        <test-method signature="test_delete()[pri:0, instance:Pack1.Sample@2a54a73f]" started-at="2023-01-18T13:41:02 IST" name="test_delete" finished-at="2023-01-18T13:41:05 IST" duration-ms="3563" status="PASS">
          <reporter-output>
          </reporter-output>
        </test-method> <!-- test_delete -->
        <test-method signature="test_get()[pri:0, instance:Pack1.Sample@2a54a73f]" started-at="2023-01-18T13:41:05 IST" name="test_get" finished-at="2023-01-18T13:41:08 IST" duration-ms="2131" status="PASS">
          <reporter-output>
          </reporter-output>
        </test-method> <!-- test_get -->
        <test-method signature="test_patch()[pri:0, instance:Pack1.Sample@2a54a73f]" started-at="2023-01-18T13:41:08 IST" name="test_patch" finished-at="2023-01-18T13:41:10 IST" duration-ms="2112" status="PASS">
          <reporter-output>
          </reporter-output>
        </test-method> <!-- test_patch -->
        <test-method signature="test_post()[pri:0, instance:Pack1.Sample@2a54a73f]" started-at="2023-01-18T13:41:10 IST" name="test_post" finished-at="2023-01-18T13:41:12 IST" duration-ms="2107" status="PASS">
          <reporter-output>
          </reporter-output>
        </test-method> <!-- test_post -->
        <test-method signature="test_put()[pri:0, instance:Pack1.Sample@2a54a73f]" started-at="2023-01-18T13:41:12 IST" name="test_put" finished-at="2023-01-18T13:41:14 IST" duration-ms="2057" status="PASS">
          <reporter-output>
          </reporter-output>
        </test-method> <!-- test_put -->
      </class> <!-- Pack1.Sample -->
    </test> <!-- Test -->
  </suite> <!-- Suite -->
</testng-results>
