<?xml version="1.0" encoding="UTF-8"?>
<testng-results ignored="0" total="5" passed="5" failed="0" skipped="0">
  <reporter-output>
  </reporter-output>
  <suite started-at="2023-01-17T13:19:13 IST" name="Suite" finished-at="2023-01-17T13:19:25 IST" duration-ms="12062">
    <groups>
    </groups>
    <test started-at="2023-01-17T13:19:13 IST" name="Test" finished-at="2023-01-17T13:19:25 IST" duration-ms="12062">
      <class name="Pack1.Sample">
        <test-method signature="test_delete()[pri:0, instance:Pack1.Sample@6a6afff2]" started-at="2023-01-17T13:19:13 IST" name="test_delete" finished-at="2023-01-17T13:19:17 IST" duration-ms="3566" status="PASS">
          <reporter-output>
          </reporter-output>
        </test-method> <!-- test_delete -->
        <test-method signature="test_get()[pri:0, instance:Pack1.Sample@6a6afff2]" started-at="2023-01-17T13:19:17 IST" name="test_get" finished-at="2023-01-17T13:19:19 IST" duration-ms="2145" status="PASS">
          <reporter-output>
          </reporter-output>
        </test-method> <!-- test_get -->
        <test-method signature="test_patch()[pri:0, instance:Pack1.Sample@6a6afff2]" started-at="2023-01-17T13:19:19 IST" name="test_patch" finished-at="2023-01-17T13:19:21 IST" duration-ms="2109" status="PASS">
          <reporter-output>
          </reporter-output>
        </test-method> <!-- test_patch -->
        <test-method signature="test_post()[pri:0, instance:Pack1.Sample@6a6afff2]" started-at="2023-01-17T13:19:21 IST" name="test_post" finished-at="2023-01-17T13:19:23 IST" duration-ms="2104" status="PASS">
          <reporter-output>
          </reporter-output>
        </test-method> <!-- test_post -->
        <test-method signature="test_put()[pri:0, instance:Pack1.Sample@6a6afff2]" started-at="2023-01-17T13:19:23 IST" name="test_put" finished-at="2023-01-17T13:19:25 IST" duration-ms="2082" status="PASS">
          <reporter-output>
          </reporter-output>
        </test-method> <!-- test_put -->
      </class> <!-- Pack1.Sample -->
    </test> <!-- Test -->
  </suite> <!-- Suite -->
</testng-results>
